make.exe all --print-data-base --no-builtin-variables --no-builtin-rules --question
# GNU Make 4.3
# Built for Windows32
# Copyright (C) 1988-2020 Free Software Foundation, Inc.
# License GPLv3+: GNU GPL version 3 or later <http://gnu.org/licenses/gpl.html>
# This is free software: you are free to change and redistribute it.
# There is NO WARRANTY, to the extent permitted by law.
 

# Make data base, printed on Sat Feb 12 21:38:16 2022

# Variables

# environment
SYSTEMDRIVE = C:
# makefile (from 'Makefile', line 18)
OBJ = $(SRC:$(SRCDIR)/%$(EXT)=$(OBJDIR)/%.o)
# environment
LC_ALL = C
# makefile (from 'Makefile', line 17)
SRC = $(wildcard $(SRCDIR)/*$(EXT))
# makefile (from 'Makefile', line 12)
EXT = .cpp
# makefile (from 'Makefile', line 26)
WDELOBJ = $(SRC:$(SRCDIR)/%$(EXT)=$(OBJDIR)\\%.o)
# makefile (from 'Makefile', line 14)
OBJDIR = obj
# environment
USERPROFILE = C:\Users\deusd
# environment
LOCALAPPDATA = C:\Users\deusd\AppData\Local
# environment
VSCODE_IPC_HOOK_EXTHOST = \\.\pipe\vscode-ipc-cf0e8dfe-f116-495d-a0de-423396281ea5-sock
# environment
VSCODE_CWD = C:\Users\deusd\AppData\Local\Programs\Microsoft VS Code
# environment
CHOCOLATEYINSTALL = C:\ProgramData\chocolatey
# makefile (from 'Makefile', line 22)
DELOBJ = $(OBJ)
# environment
SYSTEMROOT = C:\Windows
# environment
PROCESSOR_LEVEL = 21
# environment
PSMODULEPATH = C:\Program Files\WindowsPowerShell\Modules;C:\Windows\system32\WindowsPowerShell\v1.0\Modules
# default
MAKE_COMMAND := C:/ProgramData/chocolatey/lib/make/tools/install/bin/make.exe
# automatic
@D = $(patsubst %/,%,$(patsubst %\,%,$(dir $@)))
# environment
CHROME_CRASHPAD_PIPE_NAME = \\.\pipe\crashpad_13504_BYBCCNSKMONLAYGH
# environment
VSCODE_HANDLES_UNCAUGHT_ERRORS = true
# default
.VARIABLES := 
# automatic
%D = $(patsubst %/,%,$(patsubst %\,%,$(dir $%)))
# automatic
^D = $(patsubst %/,%,$(patsubst %\,%,$(dir $^)))
# environment
VSCODE_LOG_STACK = false
# automatic
%F = $(notdir $%)
# environment
VSCODE_CODE_CACHE_PATH = C:\Users\deusd\AppData\Roaming\Code\CachedData\d6ee99e4c045a6716e5c653d7da8e9ae6f5a8b03
# environment
LANG = C
# default
.LOADED := 
# environment
TMP = C:\Users\deusd\AppData\Local\Temp
# default
.INCLUDE_DIRS = .
# environment
PROCESSOR_ARCHITEW6432 = AMD64
# makefile
MAKEFLAGS = pqrR
# environment
ONEDRIVE = C:\Users\deusd\OneDrive
# makefile (from 'Makefile', line 19)
DEP = $(OBJ:$(OBJDIR)/%.o=%.d)
# makefile
CURDIR := c:/Users/deusd/Documents/cpp/nada
# environment
VSCODE_PIPE_LOGGING = true
# environment
APPLICATION_INSIGHTS_NO_DIAGNOSTIC_CHANNEL = 1
# automatic
*D = $(patsubst %/,%,$(patsubst %\,%,$(dir $*)))
# environment
PROGRAMFILES = C:\Program Files (x86)
# environment
MFLAGS = -pqrR
# default
.SHELLFLAGS := -c
# environment
COMMONPROGRAMW6432 = C:\Program Files\Common Files
# automatic
+D = $(patsubst %/,%,$(patsubst %\,%,$(dir $+)))
# makefile (from 'texture.d', line 1)
MAKEFILE_LIST := Makefile EBO.d VAO.d VBO.d camera.d main.d shader.d stb.d texture.d
# automatic
@F = $(notdir $@)
# environment
VSCODE_VERBOSE_LOGGING = true
# environment
VSCODE_PID = 13504
# makefile (from 'Makefile', line 11)
APPNAME = matrix
# environment
CLION = C:\Program Files\JetBrains\CLion 2021.3.2\bin;
# automatic
?D = $(patsubst %/,%,$(patsubst %\,%,$(dir $?)))
# automatic
*F = $(notdir $*)
# automatic
<D = $(patsubst %/,%,$(patsubst %\,%,$(dir $<)))
# environment
VSCODE_NLS_CONFIG = {"locale":"pt-br","availableLanguages":{},"_languagePackSupport":true}
# environment
ONEDRIVECONSUMER = C:\Users\deusd\OneDrive
# default
MAKE_HOST := Windows32
# environment
PROGRAMDATA = C:\ProgramData
# default
SHELL := sh.exe
# environment
HOMEPATH = \Users\deusd
# default
MAKECMDGOALS := all
# environment
DRIVERDATA = C:\Windows\System32\Drivers\DriverData
# environment
COMSPEC = C:\Windows\system32\cmd.exe
# environment
WINDIR = C:\Windows
# environment
MAKELEVEL := 0
# default
MAKE = $(MAKE_COMMAND)
# environment
PATH = C:\Program Files\Common Files\Oracle\Java\javapath;C:\Program Files (x86)\Common Files\Oracle\Java\javapath;C:\Windows\system32;C:\Windows;C:\Windows\System32\Wbem;C:\Windows\System32\WindowsPowerShell\v1.0\;C:\Windows\System32\OpenSSH\;C:\Program Files\CMake\bin;C:\ProgramData\chocolatey\bin;C:\Users\deusd\AppData\Local\Microsoft\WindowsApps;C:\Users\deusd\AppData\Local\Programs\Microsoft VS Code\bin;C:\Program Files\LLVM\bin;C:\MinGW\bin;;C:\Program Files\JetBrains\CLion 2021.3.2\bin;;C:\tools\neovim\Neovim\bin;
# environment
COMPUTERNAME = DESKTOP-9SMT5FV
# default
MAKEFILES := 
# automatic
^F = $(notdir $^)
# environment
PROMPT = $P$G
# environment
CHOCOLATEYLASTPATHUPDATE = 132871918501123518
# environment
LOGONSERVER = \\DESKTOP-9SMT5FV
# environment
VSCODE_LOG_NATIVE = false
# environment
USERNAME = deusd
# environment
COMMONPROGRAMFILES = C:\Program Files (x86)\Common Files
# automatic
?F = $(notdir $?)
# environment
PROGRAMW6432 = C:\Program Files
# environment
PATHEXT = .COM;.EXE;.BAT;.CMD;.VBS;.VBE;.JS;.JSE;.WSF;.WSH;.MSC
# automatic
+F = $(notdir $+)
# environment
ORIGINAL_XDG_CURRENT_DESKTOP = undefined
# environment
USERDOMAIN = DESKTOP-9SMT5FV
# 'override' directive
GNUMAKEFLAGS := 
# environment
OS = Windows_NT
# environment
__COMPAT_LAYER = DetectorsAppHealth
# makefile (from 'Makefile', line 25)
EXE = .exe
# makefile
.DEFAULT_GOAL := all
# makefile (from 'Makefile', line 21)
RM = rm
# default
MAKE_VERSION := 4.3
# environment
PROGRAMFILES(X86) = C:\Program Files (x86)
# makefile (from 'Makefile', line 8)
LDFLAGS = -L. -lglfw3 -lopengl32 -l 
gdi32 
# makefile (from 'Makefile', line 24)
DEL = del
# environment
USERDOMAIN_ROAMINGPROFILE = DESKTOP-9SMT5FV
# environment
NUMBER_OF_PROCESSORS = 4
# environment
PUBLIC = C:\Users\Public
# environment
APPDATA = C:\Users\deusd\AppData\Roaming
# environment
HOMEDRIVE = C:
# environment
PROCESSOR_ARCHITECTURE = x86
# environment
VSCODE_AMD_ENTRYPOINT = vs/workbench/services/extensions/node/extensionHostProcess
# environment
COMMONPROGRAMFILES(X86) = C:\Program Files (x86)\Common Files
# environment
ELECTRON_RUN_AS_NODE = 1
# environment
TEMP = C:\Users\deusd\AppData\Local\Temp
# environment
VSCODE_IPC_HOOK = \\.\pipe\35a1469bbd8723db35dd0c87d6d29acc-1.64.1-main-sock
# makefile (from 'Makefile', line 13)
SRCDIR = src
# default
.RECIPEPREFIX := 
# automatic
<F = $(notdir $<)
# default
SUFFIXES := 
# environment
ALLUSERSPROFILE = C:\ProgramData
# environment
SESSIONNAME = Console
# makefile (from 'Makefile', line 7)
CXXFLAGS = -std=c++11 -Wall
# default
.FEATURES := target-specific order-only second-expansion else-if shortest-stem undefine oneshell nocomment grouped-target extra-prereqs archives jobserver output-sync load
# environment
PROCESSOR_REVISION = 6501
# makefile (from 'Makefile', line 6)
CC = g++
# environment
CHOCOLATEYTOOLSLOCATION = C:\tools
# environment
PROCESSOR_IDENTIFIER = AMD64 Family 21 Model 101 Stepping 1, AuthenticAMD
# variable set hash-table stats:
# Load=113/1024=11%, Rehash=0, Collisions=13/185=7%

# Pattern-specific Variable Values

# No pattern-specific variable values.

# Directories

# src (key c:/Users/deusd/Documents/cpp/nada/src, mtime 1643066299): 13 files, no impossibilities.
# . (key c:/Users/deusd/Documents/cpp/nada, mtime 1643669241): 18 files, no impossibilities.

# 31 files, no impossibilities in 2 directories.

# Implicit Rules

%.d: src/%.cpp
#  recipe to execute (from 'Makefile', line 40):
	@$(CPP) $(CFLAGS) $< -MM -MT $(@:%.d=$(OBJDIR)/%.o) >$@

obj/%.o: src/%.cpp
#  recipe to execute (from 'Makefile', line 47):
	$(CC) $(CXXFLAGS) -o $@ -c $<

# 2 implicit rules, 0 (0.0%) terminal.
# Files

cleandepw:
#  Phony target (prerequisite of .PHONY).
#  Implicit rule search has not been done.
#  File does not exist.
#  File has not been updated.
#  recipe to execute (from 'Makefile', line 69):
	$(DEL) $(DEP)

obj/shader.o: src/shader.cpp src/shader.cpp src/headers/shader.h
#  Implicit rule search has been done.
#  Implicit/static pattern stem: 'shader'
#  Last modified 2022-01-22 21:21:55
#  File has been updated.
#  Successfully updated.
#  recipe to execute (from 'Makefile', line 47):
	$(CC) $(CXXFLAGS) -o $@ -c $<

obj/camera.o: src/camera.cpp src/camera.cpp src/headers/camera.h src/headers/shader.h
#  Implicit rule search has been done.
#  Implicit/static pattern stem: 'camera'
#  Last modified 2022-01-31 19:29:54
#  File has been updated.
#  Successfully updated.
#  recipe to execute (from 'Makefile', line 47):
	$(CC) $(CXXFLAGS) -o $@ -c $<

obj/main.o: src/main.cpp src/main.cpp src/headers/VAO.h src/headers/VBO.h src/headers/VBO.h src/headers/EBO.h src/headers/shader.h src/headers/texture.h src/headers/shader.h src/headers/camera.h
#  Implicit rule search has been done.
#  Implicit/static pattern stem: 'main'
#  Last modified 2022-01-31 19:47:20
#  File has been updated.
#  Successfully updated.
#  recipe to execute (from 'Makefile', line 47):
	$(CC) $(CXXFLAGS) -o $@ -c $<

obj/VAO.o: src/VAO.cpp src/VAO.cpp src/headers/VAO.h src/headers/VBO.h
#  Implicit rule search has been done.
#  Implicit/static pattern stem: 'VAO'
#  Last modified 2022-01-23 14:27:25
#  File has been updated.
#  Successfully updated.
#  recipe to execute (from 'Makefile', line 47):
	$(CC) $(CXXFLAGS) -o $@ -c $<

# Not a target:
src/headers/VBO.h:
#  Implicit rule search has been done.
#  Last modified 2022-01-22 20:45:58
#  File has been updated.
#  Successfully updated.

# Not a target:
src/texture.cpp:
#  Implicit rule search has been done.
#  Last modified 2022-01-31 19:16:39
#  File has been updated.
#  Successfully updated.

# Not a target:
src/EBO.cpp:
#  Implicit rule search has been done.
#  Last modified 2022-01-22 20:18:30
#  File has been updated.
#  Successfully updated.

cleandep:
#  Phony target (prerequisite of .PHONY).
#  Implicit rule search has not been done.
#  File does not exist.
#  File has not been updated.
#  recipe to execute (from 'Makefile', line 58):
	$(RM) $(DEP)

matrix: obj/EBO.o obj/VAO.o obj/VBO.o obj/camera.o obj/main.o obj/shader.o obj/stb.o obj/texture.o
#  Implicit rule search has not been done.
#  Implicit/static pattern stem: ''
#  File does not exist.
#  File has been updated.
#  Needs to be updated (-q is set).
# automatic
# @ := matrix
# automatic
# * := 
# automatic
# < := obj/EBO.o
# automatic
# + := obj/EBO.o obj/VAO.o obj/VBO.o obj/camera.o obj/main.o obj/shader.o obj/stb.o obj/texture.o
# automatic
# % := 
# automatic
# ^ := obj/EBO.o obj/VAO.o obj/VBO.o obj/camera.o obj/main.o obj/shader.o obj/stb.o obj/texture.o
# automatic
# ? := obj/EBO.o obj/VAO.o obj/VBO.o obj/camera.o obj/main.o obj/shader.o obj/stb.o obj/texture.o
# automatic
# | := 
# variable set hash-t 
able stats:
# Load=8/32=25%, Rehash=0, Collisions=2/16=12%
#  recipe to execute (from 'Makefile', line 36):
	$(CC) $(CXXFLAGS) -o $@ $^ src/glad.c $(LDFLAGS)

# Not a target:
Makefile:
#  Implicit rule search has been done.
#  Last modified 2022-01-20 19:57:32
#  File has been updated.
#  Successfully updated.

obj/stb.o: src/stb.cpp src/stb.cpp
#  Implicit rule search has been done.
#  Implicit/static pattern stem: 'stb'
#  Last modified 2022-01-22 20:09:37
#  File has been updated.
#  Successfully updated 
.
#  recipe to execute (from 'Makefile', line 47):
	$(CC) $(CXXFLAGS) -o $@ -c $<

# Not a target:
src/headers/EBO.h:
#  Implicit rule search has been done.
#  Last modified 2022-01-22 20:45:58
#  File has been updated.
#  Successfully updated.

# Not a target:
src/headers/camera.h:
#  Implicit rule search has been done.
#  Last modified 2022-01-31 19:17:18
#  File has been updated.
#  Successfully updated.

VBO.d: src/VBO.cpp
#  Implicit rule search has been done.
#  Implicit/static pattern stem: 'VBO'
#  Last modified 2022-02-12 21:38:11
#  File has been updated.
#  Successfully updated.
#  recipe to execute (from 'Makefile', line 40):
	@$(CPP) $(CFLAGS) $< -MM -MT $(@:%.d=$(OBJDIR)/%.o) >$@

# Not a target:
src/main.cpp:
#  Implicit rule search has been done.
#  Last modified 2022-01-31 19:47:16
#  File has been updated.
#  Successfully updated.

# Not a target:
src/headers/VAO.h:
#  Implicit rule search has been done.
#  Last modified 2022-01-23 13:36:52
#  File has been updated.
#  Successfully updated.

obj/texture.o: src/texture.cpp src/texture.cpp src/headers/texture.h src/headers/shader.h
#  Implicit rule search has been done.
#  Implicit/static pattern stem: 'texture'
#  Last modified 2022-01-31 19:16:44
#  File has been updated.
#  Successfully updated.
#  recipe to execute (from 'Makefile', line 47):
	$(CC) $(CXXFLAGS) -o $@ -c $<

clean:
#  Phony target (prerequisite of .PHONY).
#  Implicit rule search has not been done.
#  File does not exist.
#  File has not been updated.
#  recipe to execute (from 'Makefile', line 53):
	$(RM) $(DELOBJ) $(DEP) $(APPNAME)

# Not a target:
src/headers/texture.h:
#  Implicit rule search has been done.
#  Last modified 2022-01-23 14:01:07
#  File has been updated.
#  Successfully updated.

# Not a target:
src/VAO.cpp:
#  Implicit rule search has been done.
#  Last modified 2022-01-23 13:36:51
#  File has been updated.
#  Successfully updated.

# Not a target:
src/VBO.cpp:
#  Implicit rule search has been done.
#  Last modified 2022-01-22 20:18:53
#  File has been updat 
ed.
#  Successfully updated.

texture.d: src/texture.cpp
#  Implicit rule search has been done.
#  Implicit/static pattern stem: 'texture'
#  Last modified 2022-02-12 21:38:05
#  File has been updated.
#  Successfully updated.
#  recipe to execute (from 'Makefile', line 40):
	@$(CPP) $(CFLAGS) $< -MM -MT $(@:%.d=$(OBJDIR)/%.o) >$@

obj/VBO.o: src/VBO.cpp src/VBO.cpp src/headers/VBO.h
#  Implicit rule search has been done.
#  Implicit/static pattern stem: 'VBO'
#  Last modified 2022-01-22 20:46:13
#  File ha 
s been updated.
#  Successfully updated.
#  recipe to execute (from 'Makefile', line 47):
	$(CC) $(CXXFLAGS) -o $@ -c $<

obj/EBO.o: src/EBO.cpp src/EBO.cpp src/headers/EBO.h
#  Implicit rule search has been done.
#  Implicit/static pattern stem: 'EBO'
#  Last modified 2022-01-22 20:46:13
#  File has been updated.
#  Successfully updated.
#  recipe to execute (from 'Makefile', line 47):
	$(CC) $(CXXFLAGS) -o $@ -c $<

# Not a target:
.DEFAULT:
#  Implicit rule search has not been done.
#  Modification time never checked.
#  File has not been updated.

all: matrix
#  Command line target.
#  Implicit rule search has been done.
#  File does not exist.
#  File has been updated.
#  Needs to be updated (-q is set).
# variable set hash-table stats:
# Load=0/32=0%, Rehash=0, Collisions=0/6=0%

camera.d: src/camera.cpp
#  Implicit rule search has been done.
#  Implicit/static pattern stem: 'camera'
#  Last modified 2022-02-12 21:38:11
#  File has been updated.
#  Successfully updated.
#  recipe to execute (from 'Makefile', line 40):
	@$(CPP) $(CFLAGS) $< -MM -MT $(@:%.d=$(OBJDIR)/%.o) >$@

VAO.d: src/VAO.cpp
#  Implicit rule search has been done.
#  Implicit/static pattern stem: 'VAO'
#  Last modified 2022-02-12 21:38:12
#  File has been updated.
#  Successfully updated.
#  recipe to execute (from 'Makefile', line 40):
	@$(CPP) $(CFLAGS) $< -MM -MT $(@:%.d=$(OBJDIR)/%.o) >$@

EBO.d: src/EBO.cpp
#  Implicit rule search has been done.
#  Implicit/static pattern stem: 'EBO'
#  Last modified 2022-02-12 21:38:12
#  File has been updated.
#  Successfully updated.
#  recipe to execute (from 'Makefile', line 40):
	@$(CPP) $(CFLAGS) $< -MM -MT $(@:%.d=$(OBJDIR)/%.o) >$@

shader.d: src/shader.cpp
#  Implicit rule search has been done.
#  Implicit/static pattern stem: 'shader'
#  Last modified 2022-02-12 21:38:07
#  File has been updated.
#  Successfully updated.
#  recipe to execute (from 'Makefile', line 40):
	@$(CPP) $(CFLAGS) $< -MM -MT $(@:%.d=$(OBJDIR)/%.o) >$@

cleanw:
#  Phony target (prerequisite of .PHONY).
#  Implicit rule search has not been done.
#  File does not exist.
#  File has not been updated.
#  recipe to execute (from 'Makefile', line 64):
	$(DEL) $(WDELOBJ) $(DEP) $(APPNAME)$(EXE)

stb.d: src/stb.cpp
#  Implicit rule search has been done.
#  Implicit/static pattern stem: 'stb'
#  Last modified 2022-02-12 21:38:06
#  File has been updated.
#  Successfully updated.
#  recipe to execute (from 'Makefile', line 40):
	@$(CPP) $(CFLAGS) $< -MM -MT $(@:%.d=$(OBJDIR)/%.o) >$@

main.d: src/main.cpp
#  Implicit rule search  
has been done.
#  Implicit/static pattern stem: 'main'
#  Last modified 2022-02-12 21:38:09
#  File has been updated.
#  Successfully updated.
#  recipe to execute (from 'Makefile', line 40):
	@$(CPP) $(CFLAGS) $< -MM -MT $(@:%.d=$(OBJDIR)/%.o) >$@

# Not a target:
src/stb.cpp:
#  Implicit rule search has been done.
#  Last modified 2022-01-22 20:09:12
#  File has been updated.
#  Successfully updated.

# Not a target:
.SUFFIXES:
#  Implicit rule search has not been done.
#  Modification time never checked.
#  File has not been updated.

# Not a target:
src/camera.cpp:
#  Implicit rule search has been done.
#  Last modified 2022-01-31 19:29:48
#  File has been updated.
#  Successfully updated.

# Not a target:
src/shader.cpp:
#  Implicit rule search has been done.
#  Last modified 2022-01-22 21:21:48
#  File has been updated.
#  Successfully updated.

.PHONY: clean cleandep cleanw cleandepw
#  Implicit rule search has not been done.
#  Modification time never checked.
#  File has not been updated.

# Not a target:
src/headers/shader.h:
#  Implicit rule search has been done.
#  Last modified 2022-01-22 20:45:58
#  File has been updated.
#  Successfully updated.

# files hash-table stats:
# Load=40/1024=4%, Rehash=0, Collisions=5/154=3%
# VPATH Search Paths

# No 'vpath' search paths.

# No general ('VPATH' variable) search path.

# strcache buffers: 1 (0) / strings = 71 / storage = 678 B / avg = 9 B
# current buf: size = 8174 B / used = 678 B / count = 71 / avg = 9 B

# strcache performance: lookups = 182 / hit rate = 60%
# hash-table stats:
# Load=71/8192=1%, Rehash=0, Collisions=0/182=0%
# Finished Make data base on Sat Feb 12 21:38:16 2022

 
